SF:/home/soichiro/repos/vapoursynth-zoomvtools/src/mv_frame.rs
FN:75,_RINvMNtCsiZCKFbSC1zb_22vapoursynth_zoomvtools8mv_frameNtB3_7MVFrame9reduce_tohEB5_
FN:75,_RINvMNtCsiZCKFbSC1zb_22vapoursynth_zoomvtools8mv_frameNtB3_7MVFrame9reduce_totEB5_
FN:187,_RINvMs_NtCsiZCKFbSC1zb_22vapoursynth_zoomvtools8mv_frameNtB5_7MVPlane10fill_planehEB7_
FN:187,_RINvMs_NtCsiZCKFbSC1zb_22vapoursynth_zoomvtools8mv_frameNtB5_7MVPlane10fill_planetEB7_
FN:205,_RINvMs_NtCsiZCKFbSC1zb_22vapoursynth_zoomvtools8mv_frameNtB5_7MVPlane10refine_exthEB7_
FN:205,_RINvMs_NtCsiZCKFbSC1zb_22vapoursynth_zoomvtools8mv_frameNtB5_7MVPlane10refine_exttEB7_
FN:214,_RINvMs_NtCsiZCKFbSC1zb_22vapoursynth_zoomvtools8mv_frameNtB5_7MVPlane9reduce_tohEB7_
FN:214,_RINvMs_NtCsiZCKFbSC1zb_22vapoursynth_zoomvtools8mv_frameNtB5_7MVPlane9reduce_totEB7_
FN:28,_RNvMNtCsiZCKFbSC1zb_22vapoursynth_zoomvtools8mv_frameNtB2_7MVFrame3new
FN:116,_RNvMNtCsiZCKFbSC1zb_22vapoursynth_zoomvtools8mv_frameNtB2_7MVFrame3pad
FN:143,_RNvMs_NtCsiZCKFbSC1zb_22vapoursynth_zoomvtools8mv_frameNtB4_7MVPlane3new
FN:267,_RNvNtCsiZCKFbSC1zb_22vapoursynth_zoomvtools8mv_frame16plane_width_luma
FN:246,_RNvNtCsiZCKFbSC1zb_22vapoursynth_zoomvtools8mv_frame17plane_height_luma
FN:290,_RNvNtCsiZCKFbSC1zb_22vapoursynth_zoomvtools8mv_frame18plane_super_offset
FNDA:0,_RINvMNtCsiZCKFbSC1zb_22vapoursynth_zoomvtools8mv_frameNtB3_7MVFrame9reduce_tohEB5_
FNDA:0,_RINvMNtCsiZCKFbSC1zb_22vapoursynth_zoomvtools8mv_frameNtB3_7MVFrame9reduce_totEB5_
FNDA:0,_RINvMs_NtCsiZCKFbSC1zb_22vapoursynth_zoomvtools8mv_frameNtB5_7MVPlane10fill_planehEB7_
FNDA:0,_RINvMs_NtCsiZCKFbSC1zb_22vapoursynth_zoomvtools8mv_frameNtB5_7MVPlane10fill_planetEB7_
FNDA:0,_RINvMs_NtCsiZCKFbSC1zb_22vapoursynth_zoomvtools8mv_frameNtB5_7MVPlane10refine_exthEB7_
FNDA:0,_RINvMs_NtCsiZCKFbSC1zb_22vapoursynth_zoomvtools8mv_frameNtB5_7MVPlane10refine_exttEB7_
FNDA:0,_RINvMs_NtCsiZCKFbSC1zb_22vapoursynth_zoomvtools8mv_frameNtB5_7MVPlane9reduce_tohEB7_
FNDA:0,_RINvMs_NtCsiZCKFbSC1zb_22vapoursynth_zoomvtools8mv_frameNtB5_7MVPlane9reduce_totEB7_
FNDA:0,_RNvMNtCsiZCKFbSC1zb_22vapoursynth_zoomvtools8mv_frameNtB2_7MVFrame3new
FNDA:0,_RNvMNtCsiZCKFbSC1zb_22vapoursynth_zoomvtools8mv_frameNtB2_7MVFrame3pad
FNDA:0,_RNvMs_NtCsiZCKFbSC1zb_22vapoursynth_zoomvtools8mv_frameNtB4_7MVPlane3new
FNDA:8,_RNvNtCsiZCKFbSC1zb_22vapoursynth_zoomvtools8mv_frame16plane_width_luma
FNDA:16,_RNvNtCsiZCKFbSC1zb_22vapoursynth_zoomvtools8mv_frame17plane_height_luma
FNDA:1,_RNvNtCsiZCKFbSC1zb_22vapoursynth_zoomvtools8mv_frame18plane_super_offset
FNF:10
FNH:3
DA:28,0
DA:29,0
DA:30,0
DA:31,0
DA:32,0
DA:33,0
DA:34,0
DA:35,0
DA:36,0
DA:37,0
DA:38,0
DA:39,0
DA:40,0
DA:42,0
DA:44,0
DA:45,0
DA:46,0
DA:48,0
DA:49,0
DA:50,0
DA:51,0
DA:53,0
DA:54,0
DA:55,0
DA:56,0
DA:57,0
DA:59,0
DA:60,0
DA:61,0
DA:62,0
DA:63,0
DA:64,0
DA:65,0
DA:66,0
DA:67,0
DA:68,0
DA:69,0
DA:72,0
DA:73,0
DA:75,0
DA:76,0
DA:77,0
DA:78,0
DA:79,0
DA:80,0
DA:81,0
DA:82,0
DA:83,0
DA:84,0
DA:85,0
DA:86,0
DA:87,0
DA:88,0
DA:89,0
DA:90,0
DA:91,0
DA:92,0
DA:93,0
DA:94,0
DA:95,0
DA:96,0
DA:97,0
DA:98,0
DA:99,0
DA:100,0
DA:101,0
DA:102,0
DA:103,0
DA:104,0
DA:105,0
DA:106,0
DA:107,0
DA:108,0
DA:109,0
DA:110,0
DA:111,0
DA:112,0
DA:114,0
DA:116,0
DA:117,0
DA:143,0
DA:144,0
DA:145,0
DA:146,0
DA:147,0
DA:148,0
DA:149,0
DA:150,0
DA:151,0
DA:152,0
DA:153,0
DA:154,0
DA:155,0
DA:156,0
DA:157,0
DA:159,0
DA:160,0
DA:161,0
DA:162,0
DA:163,0
DA:164,0
DA:166,0
DA:167,0
DA:168,0
DA:169,0
DA:170,0
DA:171,0
DA:172,0
DA:173,0
DA:174,0
DA:175,0
DA:176,0
DA:177,0
DA:178,0
DA:179,0
DA:180,0
DA:181,0
DA:182,0
DA:183,0
DA:184,0
DA:185,0
DA:187,0
DA:188,0
DA:189,0
DA:190,0
DA:192,0
DA:193,0
DA:194,0
DA:195,0
DA:196,0
DA:197,0
DA:198,0
DA:199,0
DA:202,0
DA:203,0
DA:205,0
DA:206,0
DA:207,0
DA:208,0
DA:209,0
DA:210,0
DA:211,0
DA:214,0
DA:215,0
DA:216,0
DA:217,0
DA:218,0
DA:219,0
DA:220,0
DA:221,0
DA:222,0
DA:223,0
DA:224,0
DA:225,0
DA:226,0
DA:227,0
DA:229,0
DA:230,0
DA:231,0
DA:232,0
DA:233,0
DA:234,0
DA:235,0
DA:236,0
DA:237,0
DA:240,0
DA:242,0
DA:243,0
DA:246,16
DA:247,16
DA:248,16
DA:249,16
DA:250,16
DA:251,16
DA:252,16
DA:253,16
DA:255,64
DA:256,64
DA:257,64
DA:259,0
DA:264,16
DA:265,16
DA:267,8
DA:268,8
DA:269,8
DA:270,8
DA:271,8
DA:272,8
DA:275,8
DA:276,8
DA:278,28
DA:279,28
DA:280,28
DA:282,0
DA:287,8
DA:288,8
DA:290,1
DA:291,1
DA:292,1
DA:293,1
DA:294,1
DA:295,1
DA:296,1
DA:297,1
DA:298,1
DA:304,1
DA:305,0
DA:306,0
DA:307,1
DA:308,1
DA:309,1
DA:310,1
DA:311,1
DA:313,7
DA:315,7
DA:316,0
DA:317,0
DA:318,0
DA:319,0
DA:320,0
DA:321,0
DA:322,0
DA:323,0
DA:325,7
DA:328,7
DA:332,1
DA:333,1
BRF:0
BRH:0
LF:227
LH:47
end_of_record
SF:/home/soichiro/repos/vapoursynth-zoomvtools/src/mv_gof.rs
FN:30,_RNvMNtCsiZCKFbSC1zb_22vapoursynth_zoomvtools6mv_gofNtB2_15MVGroupOfFrames3new
FN:112,_RNvMNtCsiZCKFbSC1zb_22vapoursynth_zoomvtools6mv_gofNtB2_15MVGroupOfFrames3pad
FN:116,_RNvMNtCsiZCKFbSC1zb_22vapoursynth_zoomvtools6mv_gofNtB2_15MVGroupOfFrames6refine
FN:103,_RINvMNtCsiZCKFbSC1zb_22vapoursynth_zoomvtools6mv_gofNtB3_15MVGroupOfFrames6reducehEB5_
FN:103,_RINvMNtCsiZCKFbSC1zb_22vapoursynth_zoomvtools6mv_gofNtB3_15MVGroupOfFrames6reducetEB5_
FNDA:0,_RNvMNtCsiZCKFbSC1zb_22vapoursynth_zoomvtools6mv_gofNtB2_15MVGroupOfFrames3new
FNDA:0,_RNvMNtCsiZCKFbSC1zb_22vapoursynth_zoomvtools6mv_gofNtB2_15MVGroupOfFrames3pad
FNDA:0,_RNvMNtCsiZCKFbSC1zb_22vapoursynth_zoomvtools6mv_gofNtB2_15MVGroupOfFrames6refine
FNDA:0,_RINvMNtCsiZCKFbSC1zb_22vapoursynth_zoomvtools6mv_gofNtB3_15MVGroupOfFrames6reducehEB5_
FNDA:0,_RINvMNtCsiZCKFbSC1zb_22vapoursynth_zoomvtools6mv_gofNtB3_15MVGroupOfFrames6reducetEB5_
FNF:4
FNH:0
DA:30,0
DA:31,0
DA:32,0
DA:33,0
DA:34,0
DA:35,0
DA:36,0
DA:37,0
DA:38,0
DA:39,0
DA:40,0
DA:41,0
DA:42,0
DA:43,0
DA:45,0
DA:47,0
DA:48,0
DA:49,0
DA:51,0
DA:52,0
DA:53,0
DA:54,0
DA:55,0
DA:56,0
DA:57,0
DA:58,0
DA:59,0
DA:60,0
DA:61,0
DA:62,0
DA:64,0
DA:66,0
DA:67,0
DA:68,0
DA:69,0
DA:70,0
DA:71,0
DA:72,0
DA:73,0
DA:74,0
DA:75,0
DA:76,0
DA:77,0
DA:78,0
DA:79,0
DA:80,0
DA:81,0
DA:83,0
DA:84,0
DA:85,0
DA:86,0
DA:87,0
DA:88,0
DA:89,0
DA:90,0
DA:91,0
DA:92,0
DA:93,0
DA:94,0
DA:95,0
DA:98,0
DA:100,0
DA:101,0
DA:103,0
DA:104,0
DA:105,0
DA:106,0
DA:107,0
DA:108,0
DA:109,0
DA:110,0
DA:112,0
DA:113,0
DA:116,0
DA:117,0
BRF:0
BRH:0
LF:75
LH:0
end_of_record
SF:/home/soichiro/repos/vapoursynth-zoomvtools/src/mv_super/mod.rs
FN:255,_RINvMNtCsiZCKFbSC1zb_22vapoursynth_zoomvtools8mv_superNtB3_5Super18get_frame_internalhEB5_
FN:255,_RINvMNtCsiZCKFbSC1zb_22vapoursynth_zoomvtools8mv_superNtB3_5Super18get_frame_internaltEB5_
FN:266,_RNCINvMNtCsiZCKFbSC1zb_22vapoursynth_zoomvtools8mv_superNtB5_5Super18get_frame_internalhE0B7_
FN:266,_RNCINvMNtCsiZCKFbSC1zb_22vapoursynth_zoomvtools8mv_superNtB5_5Super18get_frame_internaltE0B7_
FN:106,_RNCNvMNtCsiZCKFbSC1zb_22vapoursynth_zoomvtools8mv_superNtB4_5Super3new0B6_
FN:90,_RNvMNtCsiZCKFbSC1zb_22vapoursynth_zoomvtools8mv_superNtB2_5Super3new
FN:380,_RNvXs_NtCsiZCKFbSC1zb_22vapoursynth_zoomvtools8mv_superNtB4_5SuperNtNtCsa1PmuRazMOF_11vapoursynth7plugins6Filter10video_info
FN:393,_RNvXs_NtCsiZCKFbSC1zb_22vapoursynth_zoomvtools8mv_superNtB4_5SuperNtNtCsa1PmuRazMOF_11vapoursynth7plugins6Filter17get_frame_initial
FN:407,_RNvXs_NtCsiZCKFbSC1zb_22vapoursynth_zoomvtools8mv_superNtB4_5SuperNtNtCsa1PmuRazMOF_11vapoursynth7plugins6Filter9get_frame
FNDA:0,_RINvMNtCsiZCKFbSC1zb_22vapoursynth_zoomvtools8mv_superNtB3_5Super18get_frame_internalhEB5_
FNDA:0,_RINvMNtCsiZCKFbSC1zb_22vapoursynth_zoomvtools8mv_superNtB3_5Super18get_frame_internaltEB5_
FNDA:0,_RNCINvMNtCsiZCKFbSC1zb_22vapoursynth_zoomvtools8mv_superNtB5_5Super18get_frame_internalhE0B7_
FNDA:0,_RNCINvMNtCsiZCKFbSC1zb_22vapoursynth_zoomvtools8mv_superNtB5_5Super18get_frame_internaltE0B7_
FNDA:0,_RNCNvMNtCsiZCKFbSC1zb_22vapoursynth_zoomvtools8mv_superNtB4_5Super3new0B6_
FNDA:1,_RNvMNtCsiZCKFbSC1zb_22vapoursynth_zoomvtools8mv_superNtB2_5Super3new
FNDA:0,_RNvXs_NtCsiZCKFbSC1zb_22vapoursynth_zoomvtools8mv_superNtB4_5SuperNtNtCsa1PmuRazMOF_11vapoursynth7plugins6Filter10video_info
FNDA:0,_RNvXs_NtCsiZCKFbSC1zb_22vapoursynth_zoomvtools8mv_superNtB4_5SuperNtNtCsa1PmuRazMOF_11vapoursynth7plugins6Filter17get_frame_initial
FNDA:0,_RNvXs_NtCsiZCKFbSC1zb_22vapoursynth_zoomvtools8mv_superNtB4_5SuperNtNtCsa1PmuRazMOF_11vapoursynth7plugins6Filter9get_frame
FNF:7
FNH:1
DA:90,1
DA:91,1
DA:92,1
DA:93,1
DA:94,1
DA:95,1
DA:96,1
DA:97,1
DA:98,1
DA:99,1
DA:100,1
DA:102,1
DA:103,1
DA:104,1
DA:105,1
DA:106,1
DA:107,1
DA:108,1
DA:109,1
DA:110,1
DA:111,1
DA:112,1
DA:115,1
DA:116,1
DA:118,0
DA:121,1
DA:122,1
DA:123,1
DA:124,1
DA:125,1
DA:128,1
DA:130,0
DA:132,1
DA:134,1
DA:135,0
DA:136,1
DA:137,1
DA:138,0
DA:139,1
DA:140,1
DA:141,1
DA:142,1
DA:144,0
DA:145,1
DA:148,1
DA:149,0
DA:150,1
DA:153,1
DA:154,1
DA:155,1
DA:156,1
DA:157,1
DA:158,1
DA:160,1
DA:161,9
DA:162,8
DA:163,8
DA:164,8
DA:165,8
DA:166,1
DA:167,1
DA:168,1
DA:169,1
DA:172,1
DA:173,0
DA:174,0
DA:176,0
DA:179,0
DA:180,0
DA:181,0
DA:182,0
DA:183,0
DA:186,0
DA:188,0
DA:190,0
DA:191,0
DA:192,0
DA:193,0
DA:197,0
DA:198,0
DA:199,0
DA:201,0
DA:202,0
DA:203,0
DA:205,0
DA:207,0
DA:208,0
DA:209,0
DA:213,0
DA:216,1
DA:219,1
DA:221,1
DA:222,1
DA:223,1
DA:224,1
DA:227,1
DA:228,0
DA:229,1
DA:230,1
DA:231,0
DA:232,1
DA:235,1
DA:236,1
DA:237,1
DA:238,1
DA:239,1
DA:240,1
DA:241,1
DA:242,1
DA:243,1
DA:244,1
DA:245,1
DA:246,1
DA:247,1
DA:248,1
DA:249,1
DA:250,1
DA:251,1
DA:253,1
DA:255,0
DA:256,0
DA:257,0
DA:258,0
DA:259,0
DA:260,0
DA:261,0
DA:262,0
DA:263,0
DA:264,0
DA:266,0
DA:267,0
DA:268,0
DA:269,0
DA:271,0
DA:274,0
DA:275,0
DA:276,0
DA:277,0
DA:278,0
DA:279,0
DA:280,0
DA:281,0
DA:282,0
DA:283,0
DA:284,0
DA:285,0
DA:286,0
DA:287,0
DA:288,0
DA:289,0
DA:290,0
DA:291,0
DA:292,0
DA:295,0
DA:298,0
DA:299,0
DA:301,0
DA:304,0
DA:305,0
DA:306,0
DA:307,0
DA:308,0
DA:309,0
DA:311,0
DA:312,0
DA:313,0
DA:314,0
DA:315,0
DA:316,0
DA:317,0
DA:318,0
DA:319,0
DA:320,0
DA:321,0
DA:322,0
DA:323,0
DA:324,0
DA:328,0
DA:329,0
DA:330,0
DA:331,0
DA:332,0
DA:333,0
DA:334,0
DA:335,0
DA:336,0
DA:337,0
DA:338,0
DA:341,0
DA:342,0
DA:343,0
DA:345,0
DA:346,0
DA:349,0
DA:350,0
DA:351,0
DA:352,0
DA:354,0
DA:355,0
DA:356,0
DA:357,0
DA:358,0
DA:360,0
DA:361,0
DA:362,0
DA:364,0
DA:366,0
DA:367,0
DA:368,0
DA:369,0
DA:370,0
DA:371,0
DA:372,0
DA:373,0
DA:375,0
DA:376,0
DA:380,0
DA:381,0
DA:382,0
DA:383,0
DA:384,0
DA:385,0
DA:386,0
DA:387,0
DA:388,0
DA:389,0
DA:390,0
DA:391,0
DA:393,0
DA:394,0
DA:395,0
DA:396,0
DA:397,0
DA:398,0
DA:399,0
DA:400,0
DA:401,0
DA:402,0
DA:403,0
DA:404,0
DA:405,0
DA:407,0
DA:408,0
DA:409,0
DA:410,0
DA:411,0
DA:412,0
DA:413,0
DA:414,0
DA:415,0
DA:416,0
DA:417,0
DA:419,0
BRF:0
BRH:0
LF:255
LH:86
end_of_record
SF:/home/soichiro/repos/vapoursynth-zoomvtools/src/params.rs
FN:36,_RNvXs0_NtCsiZCKFbSC1zb_22vapoursynth_zoomvtools6paramsINtNtNtCs5dvYYXeTWoW_4core3num7nonzero7NonZerojEINtNtBX_7convert4FromNtB5_6SubpelE4from
FN:15,_RNvXNtCsiZCKFbSC1zb_22vapoursynth_zoomvtools6paramsNtB2_6SubpelINtNtCs5dvYYXeTWoW_4core7convert7TryFromxE8try_from
FN:52,_RNvXs1_NtCsiZCKFbSC1zb_22vapoursynth_zoomvtools6paramsNtB5_12SubpelMethodINtNtCs5dvYYXeTWoW_4core7convert7TryFromxE8try_from
FN:74,_RNvXs2_NtCsiZCKFbSC1zb_22vapoursynth_zoomvtools6paramsNtB5_12ReduceFilterINtNtCs5dvYYXeTWoW_4core7convert7TryFromxE8try_from
FN:26,_RNvXs_NtCsiZCKFbSC1zb_22vapoursynth_zoomvtools6paramsjINtNtCs5dvYYXeTWoW_4core7convert4FromNtB4_6SubpelE4from
FNDA:0,_RNvXs0_NtCsiZCKFbSC1zb_22vapoursynth_zoomvtools6paramsINtNtNtCs5dvYYXeTWoW_4core3num7nonzero7NonZerojEINtNtBX_7convert4FromNtB5_6SubpelE4from
FNDA:0,_RNvXNtCsiZCKFbSC1zb_22vapoursynth_zoomvtools6paramsNtB2_6SubpelINtNtCs5dvYYXeTWoW_4core7convert7TryFromxE8try_from
FNDA:0,_RNvXs1_NtCsiZCKFbSC1zb_22vapoursynth_zoomvtools6paramsNtB5_12SubpelMethodINtNtCs5dvYYXeTWoW_4core7convert7TryFromxE8try_from
FNDA:0,_RNvXs2_NtCsiZCKFbSC1zb_22vapoursynth_zoomvtools6paramsNtB5_12ReduceFilterINtNtCs5dvYYXeTWoW_4core7convert7TryFromxE8try_from
FNDA:1,_RNvXs_NtCsiZCKFbSC1zb_22vapoursynth_zoomvtools6paramsjINtNtCs5dvYYXeTWoW_4core7convert4FromNtB4_6SubpelE4from
FNF:5
FNH:1
DA:15,0
DA:16,0
DA:17,0
DA:18,0
DA:19,0
DA:20,0
DA:22,0
DA:26,1
DA:27,1
DA:28,0
DA:29,1
DA:30,0
DA:32,1
DA:36,0
DA:38,0
DA:39,0
DA:52,0
DA:53,0
DA:54,0
DA:55,0
DA:56,0
DA:57,0
DA:59,0
DA:74,0
DA:75,0
DA:76,0
DA:77,0
DA:78,0
DA:79,0
DA:80,0
DA:81,0
DA:83,0
BRF:0
BRH:0
LF:32
LH:4
end_of_record
SF:/home/soichiro/repos/vapoursynth-zoomvtools/src/reduce/mod.rs
FN:75,_RINvNtCsiZCKFbSC1zb_22vapoursynth_zoomvtools6reduce12reduce_cubichEB4_
FN:75,_RINvNtCsiZCKFbSC1zb_22vapoursynth_zoomvtools6reduce12reduce_cubictEB4_
FN:10,_RINvNtCsiZCKFbSC1zb_22vapoursynth_zoomvtools6reduce14reduce_averagehEB4_
FN:10,_RINvNtCsiZCKFbSC1zb_22vapoursynth_zoomvtools6reduce14reduce_averagetEB4_
FN:53,_RINvNtCsiZCKFbSC1zb_22vapoursynth_zoomvtools6reduce15reduce_bilinearhEB4_
FN:53,_RINvNtCsiZCKFbSC1zb_22vapoursynth_zoomvtools6reduce15reduce_bilineartEB4_
FN:42,_RINvNtCsiZCKFbSC1zb_22vapoursynth_zoomvtools6reduce15reduce_trianglehEB4_
FN:42,_RINvNtCsiZCKFbSC1zb_22vapoursynth_zoomvtools6reduce15reduce_triangletEB4_
FN:64,_RINvNtCsiZCKFbSC1zb_22vapoursynth_zoomvtools6reduce16reduce_quadratichEB4_
FN:64,_RINvNtCsiZCKFbSC1zb_22vapoursynth_zoomvtools6reduce16reduce_quadratictEB4_
FN:31,_RNCINvNtCsiZCKFbSC1zb_22vapoursynth_zoomvtools6reduce14reduce_averagehE0B6_
FN:31,_RNCINvNtCsiZCKFbSC1zb_22vapoursynth_zoomvtools6reduce14reduce_averagetE0B6_
FNDA:0,_RINvNtCsiZCKFbSC1zb_22vapoursynth_zoomvtools6reduce12reduce_cubichEB4_
FNDA:0,_RINvNtCsiZCKFbSC1zb_22vapoursynth_zoomvtools6reduce12reduce_cubictEB4_
FNDA:8,_RINvNtCsiZCKFbSC1zb_22vapoursynth_zoomvtools6reduce14reduce_averagehEB4_
FNDA:4,_RINvNtCsiZCKFbSC1zb_22vapoursynth_zoomvtools6reduce14reduce_averagetEB4_
FNDA:0,_RINvNtCsiZCKFbSC1zb_22vapoursynth_zoomvtools6reduce15reduce_bilinearhEB4_
FNDA:0,_RINvNtCsiZCKFbSC1zb_22vapoursynth_zoomvtools6reduce15reduce_bilineartEB4_
FNDA:0,_RINvNtCsiZCKFbSC1zb_22vapoursynth_zoomvtools6reduce15reduce_trianglehEB4_
FNDA:0,_RINvNtCsiZCKFbSC1zb_22vapoursynth_zoomvtools6reduce15reduce_triangletEB4_
FNDA:0,_RINvNtCsiZCKFbSC1zb_22vapoursynth_zoomvtools6reduce16reduce_quadratichEB4_
FNDA:0,_RINvNtCsiZCKFbSC1zb_22vapoursynth_zoomvtools6reduce16reduce_quadratictEB4_
FNDA:0,_RNCINvNtCsiZCKFbSC1zb_22vapoursynth_zoomvtools6reduce14reduce_averagehE0B6_
FNDA:0,_RNCINvNtCsiZCKFbSC1zb_22vapoursynth_zoomvtools6reduce14reduce_averagetE0B6_
FNF:6
FNH:1
DA:10,12
DA:11,12
DA:12,12
DA:13,12
DA:14,12
DA:15,12
DA:16,12
DA:17,12
DA:18,14
DA:19,19
DA:21,19
DA:22,19
DA:23,19
DA:24,19
DA:27,19
DA:28,19
DA:31,19
DA:34,0
DA:35,0
DA:37,14
DA:38,14
DA:40,12
DA:42,0
DA:43,0
DA:44,0
DA:45,0
DA:46,0
DA:47,0
DA:48,0
DA:49,0
DA:50,0
DA:53,0
DA:54,0
DA:55,0
DA:56,0
DA:57,0
DA:58,0
DA:59,0
DA:60,0
DA:61,0
DA:64,0
DA:65,0
DA:66,0
DA:67,0
DA:68,0
DA:69,0
DA:70,0
DA:71,0
DA:72,0
DA:75,0
DA:76,0
DA:77,0
DA:78,0
DA:79,0
DA:80,0
DA:81,0
DA:82,0
DA:83,0
BRF:0
BRH:0
LF:59
LH:20
end_of_record
SF:/home/soichiro/repos/vapoursynth-zoomvtools/src/util/mod.rs
FN:56,_RINvNtCsiZCKFbSC1zb_22vapoursynth_zoomvtools4util9vs_bitblthEB4_
FN:56,_RINvNtCsiZCKFbSC1zb_22vapoursynth_zoomvtools4util9vs_bitblttEB4_
FNDA:2,_RINvNtCsiZCKFbSC1zb_22vapoursynth_zoomvtools4util9vs_bitblthEB4_
FNDA:0,_RINvNtCsiZCKFbSC1zb_22vapoursynth_zoomvtools4util9vs_bitblttEB4_
FNF:1
FNH:1
DA:56,2
DA:57,2
DA:58,2
DA:59,2
DA:60,2
DA:61,2
DA:62,2
DA:63,2
DA:64,2
DA:65,2
DA:66,2
DA:67,2
DA:69,2
DA:70,1
DA:71,1
DA:72,1
DA:74,3
DA:75,3
DA:76,3
DA:77,3
DA:78,3
DA:79,3
DA:81,2
BRF:0
BRH:0
LF:23
LH:23
end_of_record